Using pre-set license
Built from '2021.3/staging' branch; Version is '2021.3.5f1 (40eb3a945986) revision 4254522'; Using compiler version '192829333'; Build Type 'Release'
OS: 'Windows 10  (10.0.19044) 64bit Education' Language: 'ko' Physical Memory: 8083 MB
BatchMode: 1, IsHumanControllingUs: 0, StartBugReporterOnCrash: 0, Is64bit: 1, IsPro: 1

COMMAND LINE ARGUMENTS:
C:\Program Files\Unity\Hub\Editor\2021.3.5f1\Editor\Unity.exe
-adb2
-batchMode
-noUpm
-name
AssetImportWorker0
-projectPath
C:/Users/gyubi/Documents/대학교/project
-logFile
Logs/AssetImportWorker0.log
-srvPort
56543
Successfully changed project path to: C:/Users/gyubi/Documents/대학교/project
C:/Users/gyubi/Documents/대학교/project
[UnityMemory] Configuration Parameters - Can be set up in boot.config
    "memorysetup-bucket-allocator-granularity=16"
    "memorysetup-bucket-allocator-bucket-count=8"
    "memorysetup-bucket-allocator-block-size=33554432"
    "memorysetup-bucket-allocator-block-count=8"
    "memorysetup-main-allocator-block-size=16777216"
    "memorysetup-thread-allocator-block-size=16777216"
    "memorysetup-gfx-main-allocator-block-size=16777216"
    "memorysetup-gfx-thread-allocator-block-size=16777216"
    "memorysetup-cache-allocator-block-size=4194304"
    "memorysetup-typetree-allocator-block-size=2097152"
    "memorysetup-profiler-bucket-allocator-granularity=16"
    "memorysetup-profiler-bucket-allocator-bucket-count=8"
    "memorysetup-profiler-bucket-allocator-block-size=33554432"
    "memorysetup-profiler-bucket-allocator-block-count=8"
    "memorysetup-profiler-allocator-block-size=16777216"
    "memorysetup-profiler-editor-allocator-block-size=1048576"
    "memorysetup-temp-allocator-size-main=16777216"
    "memorysetup-job-temp-allocator-block-size=2097152"
    "memorysetup-job-temp-allocator-block-size-background=1048576"
    "memorysetup-job-temp-allocator-reduction-small-platforms=262144"
    "memorysetup-temp-allocator-size-background-worker=32768"
    "memorysetup-temp-allocator-size-job-worker=262144"
    "memorysetup-temp-allocator-size-preload-manager=33554432"
    "memorysetup-temp-allocator-size-nav-mesh-worker=65536"
    "memorysetup-temp-allocator-size-audio-worker=65536"
    "memorysetup-temp-allocator-size-cloud-worker=32768"
    "memorysetup-temp-allocator-size-gi-baking-worker=262144"
    "memorysetup-temp-allocator-size-gfx=262144"
Refreshing native plugins compatible for Editor in 126.39 ms, found 3 plugins.
Preloading 0 native plugins for Editor in 0.00 ms.
Initialize engine version: 2021.3.5f1 (40eb3a945986)
[Subsystems] Discovering subsystems at path C:/Program Files/Unity/Hub/Editor/2021.3.5f1/Editor/Data/Resources/UnitySubsystems
[Subsystems] Discovering subsystems at path C:/Users/gyubi/Documents/대학교/project/Assets
GfxDevice: creating device client; threaded=0; jobified=0
Direct3D:
    Version:  Direct3D 11.0 [level 11.1]
    Renderer: Intel(R) UHD Graphics 620 (ID=0x3ea0)
    Vendor:   Intel
    VRAM:     4041 MB
    Driver:   26.20.100.7324
Initialize mono
Mono path[0] = 'C:/Program Files/Unity/Hub/Editor/2021.3.5f1/Editor/Data/Managed'
Mono path[1] = 'C:/Program Files/Unity/Hub/Editor/2021.3.5f1/Editor/Data/MonoBleedingEdge/lib/mono/unityjit-win32'
Mono config path = 'C:/Program Files/Unity/Hub/Editor/2021.3.5f1/Editor/Data/MonoBleedingEdge/etc'
Using monoOptions --debugger-agent=transport=dt_socket,embedding=1,server=y,suspend=n,address=127.0.0.1:56392
Begin MonoManager ReloadAssembly
Registering precompiled unity dll's ...
Register platform support module: C:/Program Files/Unity/Hub/Editor/2021.3.5f1/Editor/Data/PlaybackEngines/WindowsStandaloneSupport/UnityEditor.WindowsStandalone.Extensions.dll
Registered in 0.022329 seconds.
Native extension for WindowsStandalone target not found
Refreshing native plugins compatible for Editor in 90.51 ms, found 3 plugins.
Preloading 0 native plugins for Editor in 0.00 ms.
Mono: successfully reloaded assembly
- Completed reload, in  0.871 seconds
Domain Reload Profiling:
	ReloadAssembly (872ms)
		BeginReloadAssembly (149ms)
			ExecutionOrderSort (0ms)
			DisableScriptedObjects (0ms)
			BackupInstance (0ms)
			ReleaseScriptingObjects (0ms)
			CreateAndSetChildDomain (1ms)
		EndReloadAssembly (545ms)
			LoadAssemblies (142ms)
			RebuildTransferFunctionScriptingTraits (0ms)
			SetupTypeCache (129ms)
			ReleaseScriptCaches (0ms)
			RebuildScriptCaches (38ms)
			SetupLoadedEditorAssemblies (309ms)
				LogAssemblyErrors (0ms)
				InitializePlatformSupportModulesInManaged (13ms)
				SetLoadedEditorAssemblies (0ms)
				RefreshPlugins (91ms)
				BeforeProcessingInitializeOnLoad (2ms)
				ProcessInitializeOnLoadAttributes (137ms)
				ProcessInitializeOnLoadMethodAttributes (66ms)
				AfterProcessingInitializeOnLoad (0ms)
				EditorAssembliesLoaded (0ms)
			ExecutionOrderSort2 (0ms)
			AwakeInstancesAfterBackupRestoration (0ms)
Platform modules already initialized, skipping
Registering precompiled user dll's ...
Registered in 0.030791 seconds.
Begin MonoManager ReloadAssembly
Symbol file LoadedFromMemory doesn't match image C:\Users\gyubi\Documents\대학교\project\Library\PackageCache\com.unity.visualscripting@1.7.8\Editor\VisualScripting.Core\Dependencies\YamlDotNet\Unity.VisualScripting.YamlDotNet.dll
Symbol file LoadedFromMemory doesn't match image C:\Users\gyubi\Documents\대학교\project\Library\PackageCache\com.unity.visualscripting@1.7.8\Editor\VisualScripting.Core\Dependencies\DotNetZip\Unity.VisualScripting.IonicZip.dll
Native extension for WindowsStandalone target not found
Refreshing native plugins compatible for Editor in 0.74 ms, found 3 plugins.
Preloading 0 native plugins for Editor in 0.00 ms.
Mono: successfully reloaded assembly
- Completed reload, in  1.681 seconds
Domain Reload Profiling:
	ReloadAssembly (1683ms)
		BeginReloadAssembly (274ms)
			ExecutionOrderSort (0ms)
			DisableScriptedObjects (7ms)
			BackupInstance (0ms)
			ReleaseScriptingObjects (0ms)
			CreateAndSetChildDomain (25ms)
		EndReloadAssembly (1191ms)
			LoadAssemblies (304ms)
			RebuildTransferFunctionScriptingTraits (0ms)
			SetupTypeCache (331ms)
			ReleaseScriptCaches (1ms)
			RebuildScriptCaches (64ms)
			SetupLoadedEditorAssemblies (549ms)
				LogAssemblyErrors (0ms)
				InitializePlatformSupportModulesInManaged (11ms)
				SetLoadedEditorAssemblies (1ms)
				RefreshPlugins (1ms)
				BeforeProcessingInitializeOnLoad (131ms)
				ProcessInitializeOnLoadAttributes (349ms)
				ProcessInitializeOnLoadMethodAttributes (33ms)
				AfterProcessingInitializeOnLoad (24ms)
				EditorAssembliesLoaded (0ms)
			ExecutionOrderSort2 (0ms)
			AwakeInstancesAfterBackupRestoration (17ms)
Platform modules already initialized, skipping
========================================================================
Worker process is ready to serve import requests
Launched and connected shader compiler UnityShaderCompiler.exe after 0.09 seconds
Refreshing native plugins compatible for Editor in 0.64 ms, found 3 plugins.
Preloading 0 native plugins for Editor in 0.00 ms.
Unloading 3383 Unused Serialized files (Serialized files now loaded: 0)
Unloading 27 unused Assets / (111.6 KB). Loaded Objects now: 3858.
Memory consumption went from 133.3 MB to 133.2 MB.
Total: 3.210100 ms (FindLiveObjects: 0.346900 ms CreateObjectMapping: 0.284500 ms MarkObjects: 2.378800 ms  DeleteObjects: 0.198500 ms)

AssetImportParameters requested are different than current active one (requested -> active):
  custom:video-decoder-ogg-theora: a1e56fd34408186e4bbccfd4996cb3dc -> 
  custom:container-muxer-webm: aa71ff27fc2769a1b78a27578f13a17b -> 
  custom:container-demuxer-webm: 4f35f7cbe854078d1ac9338744f61a02 -> 
  custom:video-encoder-webm-vp8: eb34c28f22e8b96e1ab97ce403110664 -> 
  custom:video-codec-MediaFoundation-h265: 746d11721c4dcdbdad8f713fa42b33f4 -> 
  custom:audio-encoder-webm-vorbis: bf7c407c2cedff20999df2af8eb42d56 -> 
  custom:framework-win-MediaFoundation: 216162199b28c13a410421893ffa2e32 -> 
  custom:container-demuxer-ogg: 62fdf1f143b41e24485cea50d1cbac27 -> 
  custom:video-decoder-webm-vp8: 9c59270c3fd7afecdb556c50c9e8de78 -> 
  custom:audio-decoder-ogg-vorbis: bf7c407c2cedff20999df2af8eb42d56 -> 
========================================================================
Received Import Request.
  Time since last request: 10300.971410 seconds.
  path: Assets/Toon Furniture/Models/Kitchen_Cabinet_1.fbx
  artifactKey: Guid(4a357a7f02c7c8b468d4d038e61ecd7f) Importer(815301076,1909f56bfc062723c751e8b465ee728b)
Start importing Assets/Toon Furniture/Models/Kitchen_Cabinet_1.fbx using Guid(4a357a7f02c7c8b468d4d038e61ecd7f) Importer(815301076,1909f56bfc062723c751e8b465ee728b)  -> (artifact id: '6f5ee8e3478329fbd8584b496abfba90') in 0.315231 seconds 
========================================================================
Received Import Request.
  Time since last request: 0.000026 seconds.
  path: Assets/Toon Furniture/Models/Couch_1.fbx
  artifactKey: Guid(ac59d41bde6224c4089a0cfbf902d645) Importer(815301076,1909f56bfc062723c751e8b465ee728b)
Start importing Assets/Toon Furniture/Models/Couch_1.fbx using Guid(ac59d41bde6224c4089a0cfbf902d645) Importer(815301076,1909f56bfc062723c751e8b465ee728b)  -> (artifact id: '53b1c00463019a0f9de016d758f530e0') in 0.060317 seconds 
========================================================================
Received Import Request.
  Time since last request: 0.000037 seconds.
  path: Assets/Toon Furniture/Models/Vase_1.fbx
  artifactKey: Guid(bd09b17863ebbf74c82083bf72572ff1) Importer(815301076,1909f56bfc062723c751e8b465ee728b)
Start importing Assets/Toon Furniture/Models/Vase_1.fbx using Guid(bd09b17863ebbf74c82083bf72572ff1) Importer(815301076,1909f56bfc062723c751e8b465ee728b)  -> (artifact id: '04ffbd806b6f27822e5868e1791879f5') in 0.076999 seconds 
========================================================================
Received Import Request.
  Time since last request: 0.000053 seconds.
  path: Assets/Toon Furniture/Models/Couch_3.fbx
  artifactKey: Guid(02e5269d0ab9fe64ca9bdff1d9cf8101) Importer(815301076,1909f56bfc062723c751e8b465ee728b)
Start importing Assets/Toon Furniture/Models/Couch_3.fbx using Guid(02e5269d0ab9fe64ca9bdff1d9cf8101) Importer(815301076,1909f56bfc062723c751e8b465ee728b)  -> (artifact id: '85c0367cb50e90e781b0b52d719544d0') in 0.071639 seconds 
========================================================================
Received Import Request.
  Time since last request: 0.000026 seconds.
  path: Assets/Toon Furniture/Models/House_Plant_1_1.fbx
  artifactKey: Guid(93b7804c0d2944540afe34ed14ff76d7) Importer(815301076,1909f56bfc062723c751e8b465ee728b)
Start importing Assets/Toon Furniture/Models/House_Plant_1_1.fbx using Guid(93b7804c0d2944540afe34ed14ff76d7) Importer(815301076,1909f56bfc062723c751e8b465ee728b)  -> (artifact id: '25ef7cb808beffd32bc643d81db6b7b4') in 0.073611 seconds 
========================================================================
Received Import Request.
  Time since last request: 0.000024 seconds.
  path: Assets/Toon Furniture/Models/Chair_1.fbx
  artifactKey: Guid(fafae49f08dbf0b4c82fbf9d5efda973) Importer(815301076,1909f56bfc062723c751e8b465ee728b)
Start importing Assets/Toon Furniture/Models/Chair_1.fbx using Guid(fafae49f08dbf0b4c82fbf9d5efda973) Importer(815301076,1909f56bfc062723c751e8b465ee728b)  -> (artifact id: 'cc96ac992506437951419575a8f11543') in 0.081895 seconds 
========================================================================
Received Import Request.
  Time since last request: 0.000059 seconds.
  path: Assets/Toon Furniture/Models/Books_1.fbx
  artifactKey: Guid(02ca65ab740714a419148b75fac70719) Importer(815301076,1909f56bfc062723c751e8b465ee728b)
Start importing Assets/Toon Furniture/Models/Books_1.fbx using Guid(02ca65ab740714a419148b75fac70719) Importer(815301076,1909f56bfc062723c751e8b465ee728b)  -> (artifact id: '560dfe4c85c8b1596eb54ccb89d90cf8') in 0.094983 seconds 
========================================================================
Received Import Request.
  Time since last request: 0.000020 seconds.
  path: Assets/Toon Furniture/Models/Single_Bed_1.fbx
  artifactKey: Guid(bcca84a2658e08241be17e9ed78e7453) Importer(815301076,1909f56bfc062723c751e8b465ee728b)
Start importing Assets/Toon Furniture/Models/Single_Bed_1.fbx using Guid(bcca84a2658e08241be17e9ed78e7453) Importer(815301076,1909f56bfc062723c751e8b465ee728b)  -> (artifact id: 'd7a48b4fa09e28f9e0d2dde411b3890b') in 0.071610 seconds 
========================================================================
Received Import Request.
  Time since last request: 0.000031 seconds.
  path: Assets/Toon Furniture/Models/Chair_7.fbx
  artifactKey: Guid(e26192968d537f143a47e72dfefb548f) Importer(815301076,1909f56bfc062723c751e8b465ee728b)
Start importing Assets/Toon Furniture/Models/Chair_7.fbx using Guid(e26192968d537f143a47e72dfefb548f) Importer(815301076,1909f56bfc062723c751e8b465ee728b)  -> (artifact id: '53cc83cd005d55bff75c35793546e5f6') in 0.060719 seconds 
========================================================================
Received Import Request.
  Time since last request: 0.000044 seconds.
  path: Assets/Toon Furniture/Models/Counter_2_1.fbx
  artifactKey: Guid(ae9314f65922b7b42b043064aeaaa155) Importer(815301076,1909f56bfc062723c751e8b465ee728b)
Start importing Assets/Toon Furniture/Models/Counter_2_1.fbx using Guid(ae9314f65922b7b42b043064aeaaa155) Importer(815301076,1909f56bfc062723c751e8b465ee728b)  -> (artifact id: '61f2991469ed7aa11fcf073682d9fe82') in 0.059962 seconds 
========================================================================
Received Import Request.
  Time since last request: 0.000040 seconds.
  path: Assets/Toon Furniture/Models/Ball_1_1.fbx
  artifactKey: Guid(77ac052cdde4bce4b9c521de187308df) Importer(815301076,1909f56bfc062723c751e8b465ee728b)
Start importing Assets/Toon Furniture/Models/Ball_1_1.fbx using Guid(77ac052cdde4bce4b9c521de187308df) Importer(815301076,1909f56bfc062723c751e8b465ee728b)  -> (artifact id: '60a2f6420d723ebd2e8f79a7a6bb09a6') in 0.046498 seconds 
========================================================================
Received Import Request.
  Time since last request: 0.000021 seconds.
  path: Assets/Toon Furniture/Models/Queen_Bed_1.fbx
  artifactKey: Guid(46ee326d6f660104da37854bc4722d97) Importer(815301076,1909f56bfc062723c751e8b465ee728b)
Start importing Assets/Toon Furniture/Models/Queen_Bed_1.fbx using Guid(46ee326d6f660104da37854bc4722d97) Importer(815301076,1909f56bfc062723c751e8b465ee728b)  -> (artifact id: '35e26c994e8c34098b43c158c1303c74') in 0.099490 seconds 
========================================================================
Received Import Request.
  Time since last request: 0.000046 seconds.
  path: Assets/Toon Furniture/Models/headboard_1.fbx
  artifactKey: Guid(22594f653b29cb2488a78553895e4d36) Importer(815301076,1909f56bfc062723c751e8b465ee728b)
Start importing Assets/Toon Furniture/Models/headboard_1.fbx using Guid(22594f653b29cb2488a78553895e4d36) Importer(815301076,1909f56bfc062723c751e8b465ee728b)  -> (artifact id: '376b7220cef2d1b507698406d99d1a61') in 0.073410 seconds 
========================================================================
Received Import Request.
  Time since last request: 20.781037 seconds.
  path: Assets/Furniture_ges1/bed1
  artifactKey: Guid(e4a1f05497a7eb94088a929de102f315) Importer(815301076,1909f56bfc062723c751e8b465ee728b)
Start importing Assets/Furniture_ges1/bed1 using Guid(e4a1f05497a7eb94088a929de102f315) Importer(815301076,1909f56bfc062723c751e8b465ee728b)  -> (artifact id: 'ac93eda8195f97ce255cf78027d79ed5') in 0.014163 seconds 
========================================================================
Received Import Request.
  Time since last request: 35.049845 seconds.
  path: Assets/Furniture_ges1/screen
  artifactKey: Guid(d89481eca6653f3428949281efbfa70e) Importer(815301076,1909f56bfc062723c751e8b465ee728b)
Start importing Assets/Furniture_ges1/screen using Guid(d89481eca6653f3428949281efbfa70e) Importer(815301076,1909f56bfc062723c751e8b465ee728b)  -> (artifact id: '8bd1c23683d69cc78c184c2ec8904b62') in 0.017669 seconds 
